============================================================
  Generated by:           Genus(TM) Synthesis Solution 19.13-s073_1
  Generated on:           Aug 05 2020  11:41:06 pm
  Module:                 boundFlasher
  Technology libraries:   slow_1v0 
                          pll 0.0
                          CDK_S128x16 0.0
                          CDK_S256x16 0.0
                          CDK_R512x16 0.0
                          physical_cells 
  Operating conditions:   slow 
  Interconnect mode:      global
  Area mode:              physical library
============================================================

Timing
--------

Clock Period 
-------------
clk    580.0 


  Cost    Critical         Violating 
 Group   Path Slack  TNS     Paths   
-------------------------------------
clk             0.1   0.0          0 
default    No paths   0.0            
-------------------------------------
Total                 0.0          0 

Instance Count
--------------
Leaf Instance Count             91 
Physical Instance count          0 
Sequential Instance Count       23 
Combinational Instance Count    68 
Hierarchical Instance Count      0 

Area
----
Cell Area                          343.094
Physical Cell Area                 0.000
Total Cell Area (Cell+Physical)    343.094
Net Area                           116.278
Total Area (Cell+Physical+Net)     459.372

Runtime                            0.0 seconds
Elapsed Runtime                    36 seconds
Genus peak memory usage            1047.13 
Innovus peak memory usage          no_value 
Hostname                           localhost
